<?xml version="1.0" encoding="UTF-8"?>
<testsuite name="org.abb_tech.module1lesson9.classes.LibraryServiceTest" tests="8" skipped="0" failures="1" errors="0" timestamp="2025-12-10T09:41:25.248Z" hostname="kali" time="0.046">
  <properties/>
  <testcase name="testGroupBooksByAuthor()" classname="org.abb_tech.module1lesson9.classes.LibraryServiceTest" time="0.024">
    <failure message="org.opentest4j.AssertionFailedError: expected: &lt;2&gt; but was: &lt;3&gt;" type="org.opentest4j.AssertionFailedError">org.opentest4j.AssertionFailedError: expected: &lt;2&gt; but was: &lt;3&gt;
	at app//org.junit.jupiter.api.AssertionFailureBuilder.build(AssertionFailureBuilder.java:151)
	at app//org.junit.jupiter.api.AssertionFailureBuilder.buildAndThrow(AssertionFailureBuilder.java:132)
	at app//org.junit.jupiter.api.AssertEquals.failNotEqual(AssertEquals.java:197)
	at app//org.junit.jupiter.api.AssertEquals.assertEquals(AssertEquals.java:150)
	at app//org.junit.jupiter.api.AssertEquals.assertEquals(AssertEquals.java:145)
	at app//org.junit.jupiter.api.Assertions.assertEquals(Assertions.java:531)
	at app//org.abb_tech.module1lesson9.classes.LibraryServiceTest.testGroupBooksByAuthor(LibraryServiceTest.java:62)
	at java.base@21.0.10-ea/java.lang.reflect.Method.invoke(Method.java:580)
	at java.base@21.0.10-ea/java.util.ArrayList.forEach(ArrayList.java:1596)
	at java.base@21.0.10-ea/java.util.ArrayList.forEach(ArrayList.java:1596)
</failure>
  </testcase>
  <testcase name="testAfter2000AndIsAvailable_printsCorrectly()" classname="org.abb_tech.module1lesson9.classes.LibraryServiceTest" time="0.004"/>
  <testcase name="testGetUsersCurrentBooks()" classname="org.abb_tech.module1lesson9.classes.LibraryServiceTest" time="0.003"/>
  <testcase name="testFindRecommendedBookForUser()" classname="org.abb_tech.module1lesson9.classes.LibraryServiceTest" time="0.004"/>
  <testcase name="testGetAuthors()" classname="org.abb_tech.module1lesson9.classes.LibraryServiceTest" time="0.001"/>
  <testcase name="testFindTopReaderOfMonth()" classname="org.abb_tech.module1lesson9.classes.LibraryServiceTest" time="0.002"/>
  <testcase name="testCalculateAverageRating()" classname="org.abb_tech.module1lesson9.classes.LibraryServiceTest" time="0.002"/>
  <testcase name="testGetMostBorrowedBook()" classname="org.abb_tech.module1lesson9.classes.LibraryServiceTest" time="0.002"/>
  <system-out><![CDATA[===== BOOK INFO =====
===== TITLE:Java =====
===== AUTHOR:John =====
===== YEAR:2020 =====
===== RATING:4.700000 =====
===== IS AVAILABLE:true ===== 


===== BOOK INFO =====
===== TITLE:Python =====
===== AUTHOR:John =====
===== YEAR:2019 =====
===== RATING:4.900000 =====
===== IS AVAILABLE:true ===== 


===== BOOK INFO =====
===== TITLE:C++ =====
===== AUTHOR:Alex =====
===== YEAR:2021 =====
===== RATING:4.200000 =====
===== IS AVAILABLE:true ===== 


]]></system-out>
  <system-err><![CDATA[]]></system-err>
</testsuite>
