<?xml version="1.0" encoding="UTF-8"?>
<testsuite name="org.abb_tech.module1lesson9.classes.UserTest" tests="4" skipped="0" failures="0" errors="0" timestamp="2025-12-23T16:21:27.327Z" hostname="kali" time="0.005">
  <properties/>
  <testcase name="testToString()" classname="org.abb_tech.module1lesson9.classes.UserTest" time="0.001"/>
  <testcase name="testConstructorAndGetters()" classname="org.abb_tech.module1lesson9.classes.UserTest" time="0.001"/>
  <testcase name="testSetBorrowHistory()" classname="org.abb_tech.module1lesson9.classes.UserTest" time="0.001"/>
  <testcase name="testSetName()" classname="org.abb_tech.module1lesson9.classes.UserTest" time="0.001"/>
  <system-out><![CDATA[]]></system-out>
  <system-err><![CDATA[]]></system-err>
</testsuite>
