<?xml version="1.0" encoding="UTF-8"?>
<testsuite name="org.abb_tech.task16Endpoint.CarServiceImplTest" tests="2" skipped="0" failures="0" errors="0" timestamp="2025-12-23T16:21:27.336Z" hostname="kali" time="0.116">
  <properties/>
  <testcase name="getCarById_throw()" classname="org.abb_tech.task16Endpoint.CarServiceImplTest" time="0.113"/>
  <testcase name="getCarById_success()" classname="org.abb_tech.task16Endpoint.CarServiceImplTest" time="0.002"/>
  <system-out><![CDATA[]]></system-out>
  <system-err><![CDATA[]]></system-err>
</testsuite>
